<?xml version="1.0" encoding="UTF-8"?>
<!-- Generated by org.testng.reporters.JUnitReportReporter -->
<testsuite hostname="DESKTOP-99JJ921" failures="0" tests="1" name="terkwazFramWork.seleniumJava.DDTTest" time="1.504" errors="0" timestamp="22 May 2020 23:44:55 GMT" skipped="0">
  <testcase classname="terkwazFramWork.seleniumJava.DDTTest" name="dataTestCase" time="1.504"/>
</testsuite> <!-- terkwazFramWork.seleniumJava.DDTTest -->
