<?xml version="1.0" encoding="UTF-8"?>
<!-- Generated by org.testng.reporters.JUnitReportReporter -->
<testsuite hostname="DESKTOP-99JJ921" failures="0" tests="2" name="terkwazFramWork.seleniumJava.SeleniumTest" time="0.000" errors="0" timestamp="22 May 2020 23:44:55 GMT" skipped="0">
  <testcase classname="terkwazFramWork.seleniumJava.SeleniumTest" name="browserAutomation" time="0.000"/>
  <testcase classname="terkwazFramWork.seleniumJava.SeleniumTest" name="elementsUI" time="0.000"/>
</testsuite> <!-- terkwazFramWork.seleniumJava.SeleniumTest -->
