<?xml version="1.0" encoding="UTF-8"?>
<!-- Generated by org.testng.reporters.JUnitReportReporter -->
<testsuite hostname="DESKTOP-99JJ921" failures="0" tests="1" name="automationFrameworkTests.seleniumJava.HeroKuappTest" time="6.449" errors="0" timestamp="2020-05-31T20:44:05 EET" skipped="0">
  <testcase classname="automationFrameworkTests.seleniumJava.HeroKuappTest" name="GoogleTestCase" time="6.449"/>
  <system-out/>
</testsuite> <!-- automationFrameworkTests.seleniumJava.HeroKuappTest -->
